<?xml version="1.0" encoding="UTF-8"?>
<testsuite xmlns:xsi="http://www.w3.org/2001/XMLSchema-instance" xsi:noNamespaceSchemaLocation="https://maven.apache.org/surefire/maven-surefire-plugin/xsd/surefire-test-report-3.0.xsd" version="3.0" name="fr.victork.Entity.ClientTest" time="0.117" tests="17" errors="0" skipped="0" failures="0">
  <properties>
[...]
</properties>
  <testcase name="testNombreEmployesValide(int)[1]" classname="fr.victork.Entity.ClientTest" time="0.048"/>
  <testcase name="testNombreEmployesValide(int)[2]" classname="fr.victork.Entity.ClientTest" time="0.001"/>
  <testcase name="testAdresseMailValide(String)[1]" classname="fr.victork.Entity.ClientTest" time="0.001"/>
  <testcase name="testAdresseMailValide(String)[2]" classname="fr.victork.Entity.ClientTest" time="0"/>
  <testcase name="testAdresseMailInvalide(String)[1]" classname="fr.victork.Entity.ClientTest" time="0.001"/>
  <testcase name="testAdresseMailInvalide(String)[2]" classname="fr.victork.Entity.ClientTest" time="0.001"/>
  <testcase name="testSetRaisonSocialeValide(String)[1]" classname="fr.victork.Entity.ClientTest" time="0.001"/>
  <testcase name="testSetRaisonSocialeValide(String)[2]" classname="fr.victork.Entity.ClientTest" time="0"/>
  <testcase name="testNombreEmployesInvalide(int)[1]" classname="fr.victork.Entity.ClientTest" time="0.001"/>
  <testcase name="testNombreEmployesInvalide(int)[2]" classname="fr.victork.Entity.ClientTest" time="0"/>
  <testcase name="testSetRaisonSocialeInvalide(String)[1]" classname="fr.victork.Entity.ClientTest" time="0.001"/>
  <testcase name="testSetRaisonSocialeInvalide(String)[2]" classname="fr.victork.Entity.ClientTest" time="0.001"/>
  <testcase name="testSetRaisonSocialeInvalide(String)[3]" classname="fr.victork.Entity.ClientTest" time="0"/>
  <testcase name="testSetRaisonSocialeInvalide(String)[4]" classname="fr.victork.Entity.ClientTest" time="0.001"/>
  <testcase name="testSetRaisonSocialeInvalide(String)[5]" classname="fr.victork.Entity.ClientTest" time="0.001"/>
  <testcase name="testSetRaisonSocialeInvalide(String)[6]" classname="fr.victork.Entity.ClientTest" time="0.001"/>
  <testcase name="testSetRaisonSocialeInvalide(String)[7]" classname="fr.victork.Entity.ClientTest" time="0"/>
</testsuite>